<?xml version="1.0" encoding="UTF-8"?>
<!-- Generated by org.testng.reporters.JUnitReportReporter -->
<testsuite skipped="0" hostname="TYSS-ELF-Manjunath" name="RetryLogic_TestNG.RetryLogic_TestNG.RetryLogic" tests="2" failures="0" timestamp="30 May 2020 06:31:41 GMT" time="7.854" errors="0">
  <testcase name="homeVerify" time="0.240" classname="RetryLogic_TestNG.RetryLogic_TestNG.RetryLogic"/>
  <testcase name="Logic" time="7.614" classname="RetryLogic_TestNG.RetryLogic_TestNG.RetryLogic"/>
</testsuite> <!-- RetryLogic_TestNG.RetryLogic_TestNG.RetryLogic -->
